<?xml version="1.0" encoding="UTF-8"?>
<!-- Generated by org.testng.reporters.JUnitReportReporter -->
<testsuite skipped="0" hostname="rathore-HP" name="com.inetBanking.testcases.TC_Login_001" tests="1" failures="0" timestamp="24 Apr 2020 11:52:22 GMT" time="6.742" errors="0">
  <testcase name="loginTest" time="6.742" classname="com.inetBanking.testcases.TC_Login_001"/>
</testsuite> <!-- com.inetBanking.testcases.TC_Login_001 -->
